\BOOKMARK [1][-]{section.1}{Introduction}{}% 1
\BOOKMARK [2][-]{subsection.1.1}{Scope}{section.1}% 2
\BOOKMARK [1][-]{section.2}{Prerequisites}{}% 3
\BOOKMARK [2][-]{subsection.2.1}{Background knowledge}{section.2}% 4
\BOOKMARK [2][-]{subsection.2.2}{Software/system requirements}{section.2}% 5
\BOOKMARK [1][-]{section.3}{Theory}{}% 6
\BOOKMARK [2][-]{subsection.3.1}{Solvation Entropy}{section.3}% 7
\BOOKMARK [2][-]{subsection.3.2}{Entropy Calculations in Cpptraj}{section.3}% 8
\BOOKMARK [2][-]{subsection.3.3}{Solvation Energy}{section.3}% 9
\BOOKMARK [2][-]{subsection.3.4}{PME implementation}{section.3}% 10
\BOOKMARK [1][-]{section.4}{Tutorial}{}% 11
\BOOKMARK [2][-]{subsection.4.1}{Streptavidin/Biotin}{section.4}% 12
\BOOKMARK [2][-]{subsection.4.2}{Tutorial data}{section.4}% 13
\BOOKMARK [2][-]{subsection.4.3}{System Preparation and Equilibration}{section.4}% 14
\BOOKMARK [2][-]{subsection.4.4}{Running MD for GIST}{section.4}% 15
\BOOKMARK [2][-]{subsection.4.5}{Running the GIST analysis}{section.4}% 16
\BOOKMARK [2][-]{subsection.4.6}{Reference Values and Radial Convergence}{section.4}% 17
\BOOKMARK [2][-]{subsection.4.7}{Visualizing Gsolv}{section.4}% 18
\BOOKMARK [2][-]{subsection.4.8}{Contribution of Hydration to Binding}{section.4}% 19
\BOOKMARK [2][-]{subsection.4.9}{Further steps}{section.4}% 20
\BOOKMARK [1][-]{section.5}{Recent developments}{}% 21
\BOOKMARK [2][-]{subsection.5.1}{GIST with non-water solvents}{section.5}% 22
\BOOKMARK [2][-]{subsection.5.2}{GIST with salt-water mixtures}{section.5}% 23
\BOOKMARK [1][-]{section.6}{Checklists}{}% 24
